<?xml version="1.0" encoding="UTF-8"?>
<!-- Generated by org.testng.reporters.JUnitReportReporter -->
<testsuite hostname="CITHYDLTP-065" name="com.sauce.demoscripts.impl.lockeduser" tests="1" failures="0" timestamp="16 Jan 2021 17:17:21 GMT" time="3.076" errors="0">
  <testcase name="f" time="3.076" classname="com.sauce.demoscripts.impl.lockeduser"/>
</testsuite> <!-- com.sauce.demoscripts.impl.lockeduser -->
