<?xml version="1.0" encoding="UTF-8"?>
<!-- Generated by org.testng.reporters.JUnitReportReporter -->
<testsuite hostname="LAPTOP-BPLU8S0P" failures="0" tests="1" name="com.sauce.demo.flows.LoginPageFlow" time="8.399" errors="0" timestamp="18 Jan 2021 15:45:55 GMT">
  <testcase classname="com.sauce.demo.flows.LoginPageFlow" name="userLogin" time="8.399"/>
</testsuite> <!-- com.sauce.demo.flows.LoginPageFlow -->
