<?xml version="1.0" encoding="UTF-8"?>
<!-- Generated by org.testng.reporters.JUnitReportReporter -->
<testsuite hostname="CITHYDLTP-065" name="com.sauce.demo.flows.FirstClassFlow" tests="1" failures="0" timestamp="16 Jan 2021 12:35:37 GMT" time="0.038" errors="0">
  <testcase name="userLogin" time="0.038" classname="com.sauce.demo.flows.FirstClassFlow"/>
</testsuite> <!-- com.sauce.demo.flows.FirstClassFlow -->
